2026-05-29 20:33:56 - AudioApp - DEBUG - 日志系统初始化完成，日志文件: c:\Users\27946\Desktop\Sound\logs\AudioApp_20260529.log
2026-05-29 20:34:15 - AudioApp - INFO - [GUI] 开始人声分析
2026-05-29 20:34:15 - AudioApp - DEBUG - [GUI详情] 文件: tex.wav, 模式: 完整分析, 并行: 是
2026-05-29 20:34:31 - AudioApp - DEBUG - 日志系统初始化完成，日志文件: c:\Users\27946\Desktop\Sound\logs\AudioApp_20260529.log
2026-05-29 20:34:31 - AudioApp - DEBUG - 日志系统初始化完成，日志文件: c:\Users\27946\Desktop\Sound\logs\AudioApp_20260529.log
2026-05-29 20:34:31 - AudioApp - DEBUG - 日志系统初始化完成，日志文件: c:\Users\27946\Desktop\Sound\logs\AudioApp_20260529.log
2026-05-29 20:34:31 - AudioApp - DEBUG - 日志系统初始化完成，日志文件: c:\Users\27946\Desktop\Sound\logs\AudioApp_20260529.log
2026-05-29 20:34:31 - AudioApp - DEBUG - 日志系统初始化完成，日志文件: c:\Users\27946\Desktop\Sound\logs\AudioApp_20260529.log
2026-05-29 20:34:31 - AudioApp - DEBUG - 日志系统初始化完成，日志文件: c:\Users\27946\Desktop\Sound\logs\AudioApp_20260529.log
2026-05-29 20:34:31 - AudioApp - DEBUG - 日志系统初始化完成，日志文件: c:\Users\27946\Desktop\Sound\logs\AudioApp_20260529.log
2026-05-29 20:34:31 - AudioApp - DEBUG - 日志系统初始化完成，日志文件: c:\Users\27946\Desktop\Sound\logs\AudioApp_20260529.log
2026-05-29 20:34:31 - AudioApp - DEBUG - 日志系统初始化完成，日志文件: c:\Users\27946\Desktop\Sound\logs\AudioApp_20260529.log
2026-05-29 20:34:31 - AudioApp - DEBUG - 日志系统初始化完成，日志文件: c:\Users\27946\Desktop\Sound\logs\AudioApp_20260529.log
2026-05-29 20:34:31 - AudioApp - DEBUG - 日志系统初始化完成，日志文件: c:\Users\27946\Desktop\Sound\logs\AudioApp_20260529.log
2026-05-29 20:34:48 - AudioApp - INFO - [GUI] 人声分析完成
2026-05-29 20:34:48 - AudioApp - DEBUG - [GUI详情] 结果: 成功
2026-05-29 20:47:14 - AudioApp - DEBUG - 日志系统初始化完成，日志文件: c:\Users\27946\Desktop\Sound\logs\AudioApp_20260529.log
2026-05-29 20:48:08 - AudioApp - INFO - [GUI] 开始人声分析
2026-05-29 20:48:08 - AudioApp - DEBUG - [GUI详情] 文件: tex.wav, 模式: 完整分析, 并行: 是
2026-05-29 20:48:23 - AudioApp - DEBUG - 日志系统初始化完成，日志文件: c:\Users\27946\Desktop\Sound\logs\AudioApp_20260529.log
2026-05-29 20:48:23 - AudioApp - DEBUG - 日志系统初始化完成，日志文件: c:\Users\27946\Desktop\Sound\logs\AudioApp_20260529.log
2026-05-29 20:48:23 - AudioApp - DEBUG - 日志系统初始化完成，日志文件: c:\Users\27946\Desktop\Sound\logs\AudioApp_20260529.log
2026-05-29 20:48:23 - AudioApp - DEBUG - 日志系统初始化完成，日志文件: c:\Users\27946\Desktop\Sound\logs\AudioApp_20260529.log
2026-05-29 20:48:23 - AudioApp - DEBUG - 日志系统初始化完成，日志文件: c:\Users\27946\Desktop\Sound\logs\AudioApp_20260529.log
2026-05-29 20:48:23 - AudioApp - DEBUG - 日志系统初始化完成，日志文件: c:\Users\27946\Desktop\Sound\logs\AudioApp_20260529.log
2026-05-29 20:48:24 - AudioApp - DEBUG - 日志系统初始化完成，日志文件: c:\Users\27946\Desktop\Sound\logs\AudioApp_20260529.log
2026-05-29 20:48:24 - AudioApp - DEBUG - 日志系统初始化完成，日志文件: c:\Users\27946\Desktop\Sound\logs\AudioApp_20260529.log
2026-05-29 20:48:24 - AudioApp - DEBUG - 日志系统初始化完成，日志文件: c:\Users\27946\Desktop\Sound\logs\AudioApp_20260529.log
2026-05-29 20:48:24 - AudioApp - DEBUG - 日志系统初始化完成，日志文件: c:\Users\27946\Desktop\Sound\logs\AudioApp_20260529.log
2026-05-29 20:48:24 - AudioApp - DEBUG - 日志系统初始化完成，日志文件: c:\Users\27946\Desktop\Sound\logs\AudioApp_20260529.log
2026-05-29 20:48:39 - AudioApp - INFO - [GUI] 人声分析完成
2026-05-29 20:48:39 - AudioApp - DEBUG - [GUI详情] 结果: 成功
2026-05-29 20:57:19 - AudioApp - INFO - [GUI] 开始人声分析
2026-05-29 20:57:19 - AudioApp - DEBUG - [GUI详情] 文件: tex.wav, 模式: 完整分析, 并行: 是
2026-05-29 20:57:33 - AudioApp - DEBUG - 日志系统初始化完成，日志文件: c:\Users\27946\Desktop\Sound\logs\AudioApp_20260529.log
2026-05-29 20:57:33 - AudioApp - DEBUG - 日志系统初始化完成，日志文件: c:\Users\27946\Desktop\Sound\logs\AudioApp_20260529.log
2026-05-29 20:57:33 - AudioApp - DEBUG - 日志系统初始化完成，日志文件: c:\Users\27946\Desktop\Sound\logs\AudioApp_20260529.log
2026-05-29 20:57:33 - AudioApp - DEBUG - 日志系统初始化完成，日志文件: c:\Users\27946\Desktop\Sound\logs\AudioApp_20260529.log
2026-05-29 20:57:34 - AudioApp - DEBUG - 日志系统初始化完成，日志文件: c:\Users\27946\Desktop\Sound\logs\AudioApp_20260529.log
2026-05-29 20:57:34 - AudioApp - DEBUG - 日志系统初始化完成，日志文件: c:\Users\27946\Desktop\Sound\logs\AudioApp_20260529.log
2026-05-29 20:57:34 - AudioApp - DEBUG - 日志系统初始化完成，日志文件: c:\Users\27946\Desktop\Sound\logs\AudioApp_20260529.log
2026-05-29 20:57:34 - AudioApp - DEBUG - 日志系统初始化完成，日志文件: c:\Users\27946\Desktop\Sound\logs\AudioApp_20260529.log
2026-05-29 20:57:34 - AudioApp - DEBUG - 日志系统初始化完成，日志文件: c:\Users\27946\Desktop\Sound\logs\AudioApp_20260529.log
2026-05-29 20:57:34 - AudioApp - DEBUG - 日志系统初始化完成，日志文件: c:\Users\27946\Desktop\Sound\logs\AudioApp_20260529.log
2026-05-29 20:57:34 - AudioApp - DEBUG - 日志系统初始化完成，日志文件: c:\Users\27946\Desktop\Sound\logs\AudioApp_20260529.log
2026-05-29 20:57:45 - AudioApp - INFO - [GUI] 人声分析完成
2026-05-29 20:57:45 - AudioApp - DEBUG - [GUI详情] 结果: 成功
2026-05-29 21:13:12 - AudioApp - DEBUG - 日志系统初始化完成，日志文件: c:\Users\27946\Desktop\Sound\logs\AudioApp_20260529.log
2026-05-29 21:16:40 - AudioApp - DEBUG - 日志系统初始化完成，日志文件: c:\Users\27946\Desktop\Sound\logs\AudioApp_20260529.log
2026-05-29 21:17:54 - AudioApp - DEBUG - 日志系统初始化完成，日志文件: c:\Users\27946\Desktop\Sound\logs\AudioApp_20260529.log
2026-05-29 21:22:02 - AudioApp - DEBUG - 日志系统初始化完成，日志文件: c:\Users\27946\Desktop\Sound\logs\AudioApp_20260529.log
2026-05-29 21:27:44 - AudioApp - DEBUG - 日志系统初始化完成，日志文件: c:\Users\27946\Desktop\Sound\logs\AudioApp_20260529.log
2026-05-29 21:31:30 - AudioApp - DEBUG - 日志系统初始化完成，日志文件: c:\Users\27946\Desktop\Sound\logs\AudioApp_20260529.log
2026-05-29 21:37:41 - AudioApp - DEBUG - 日志系统初始化完成，日志文件: c:\Users\27946\Desktop\Sound\logs\AudioApp_20260529.log
2026-05-29 21:50:38 - AudioApp - DEBUG - 日志系统初始化完成，日志文件: c:\Users\27946\Desktop\Sound\logs\AudioApp_20260529.log
2026-05-29 21:51:25 - AudioApp - DEBUG - 日志系统初始化完成，日志文件: c:\Users\27946\Desktop\Sound\logs\AudioApp_20260529.log
