2026-06-02 11:48:12 - AudioApp - DEBUG - 日志系统初始化完成，日志文件: C:\Users\27946\Desktop\Sound\logs\AudioApp_20260602.log
2026-06-02 12:10:50 - AudioApp - DEBUG - 日志系统初始化完成，日志文件: c:\Users\27946\Desktop\Sound\logs\AudioApp_20260602.log
2026-06-02 12:12:47 - AudioApp - INFO - [GUI] 开始人声分析
2026-06-02 12:12:47 - AudioApp - DEBUG - [GUI详情] 文件: tex.wav, 模式: 完整分析, 并行: 是
2026-06-02 12:13:16 - AudioApp - DEBUG - 日志系统初始化完成，日志文件: c:\Users\27946\Desktop\Sound\logs\AudioApp_20260602.log
2026-06-02 12:13:16 - AudioApp - DEBUG - 日志系统初始化完成，日志文件: c:\Users\27946\Desktop\Sound\logs\AudioApp_20260602.log
2026-06-02 12:13:16 - AudioApp - DEBUG - 日志系统初始化完成，日志文件: c:\Users\27946\Desktop\Sound\logs\AudioApp_20260602.log
2026-06-02 12:13:16 - AudioApp - DEBUG - 日志系统初始化完成，日志文件: c:\Users\27946\Desktop\Sound\logs\AudioApp_20260602.log
2026-06-02 12:13:16 - AudioApp - DEBUG - 日志系统初始化完成，日志文件: c:\Users\27946\Desktop\Sound\logs\AudioApp_20260602.log
2026-06-02 12:13:16 - AudioApp - DEBUG - 日志系统初始化完成，日志文件: c:\Users\27946\Desktop\Sound\logs\AudioApp_20260602.log
2026-06-02 12:13:16 - AudioApp - DEBUG - 日志系统初始化完成，日志文件: c:\Users\27946\Desktop\Sound\logs\AudioApp_20260602.log
2026-06-02 12:13:16 - AudioApp - DEBUG - 日志系统初始化完成，日志文件: c:\Users\27946\Desktop\Sound\logs\AudioApp_20260602.log
2026-06-02 12:13:16 - AudioApp - DEBUG - 日志系统初始化完成，日志文件: c:\Users\27946\Desktop\Sound\logs\AudioApp_20260602.log
2026-06-02 12:13:16 - AudioApp - DEBUG - 日志系统初始化完成，日志文件: c:\Users\27946\Desktop\Sound\logs\AudioApp_20260602.log
2026-06-02 12:13:16 - AudioApp - DEBUG - 日志系统初始化完成，日志文件: c:\Users\27946\Desktop\Sound\logs\AudioApp_20260602.log
2026-06-02 12:13:45 - AudioApp - INFO - [GUI] 人声分析完成
2026-06-02 12:13:45 - AudioApp - DEBUG - [GUI详情] 结果: 失败
2026-06-02 12:18:13 - AudioApp - DEBUG - 日志系统初始化完成，日志文件: C:\Users\27946\Desktop\Sound\logs\AudioApp_20260602.log
2026-06-02 12:26:46 - AudioApp - DEBUG - 日志系统初始化完成，日志文件: c:\Users\27946\Desktop\Sound\logs\AudioApp_20260602.log
2026-06-02 12:27:07 - AudioApp - INFO - [GUI] 开始人声分析
2026-06-02 12:27:07 - AudioApp - DEBUG - [GUI详情] 文件: tex.wav, 模式: 完整分析, 并行: 是
2026-06-02 12:27:16 - AudioApp - DEBUG - 日志系统初始化完成，日志文件: c:\Users\27946\Desktop\Sound\logs\AudioApp_20260602.log
2026-06-02 12:27:16 - AudioApp - DEBUG - 日志系统初始化完成，日志文件: c:\Users\27946\Desktop\Sound\logs\AudioApp_20260602.log
2026-06-02 12:27:16 - AudioApp - DEBUG - 日志系统初始化完成，日志文件: c:\Users\27946\Desktop\Sound\logs\AudioApp_20260602.log
2026-06-02 12:27:18 - AudioApp - DEBUG - 日志系统初始化完成，日志文件: c:\Users\27946\Desktop\Sound\logs\AudioApp_20260602.log
2026-06-02 12:27:18 - AudioApp - DEBUG - 日志系统初始化完成，日志文件: c:\Users\27946\Desktop\Sound\logs\AudioApp_20260602.log
2026-06-02 12:27:18 - AudioApp - DEBUG - 日志系统初始化完成，日志文件: c:\Users\27946\Desktop\Sound\logs\AudioApp_20260602.log
2026-06-02 12:27:18 - AudioApp - DEBUG - 日志系统初始化完成，日志文件: c:\Users\27946\Desktop\Sound\logs\AudioApp_20260602.log
2026-06-02 12:27:18 - AudioApp - DEBUG - 日志系统初始化完成，日志文件: c:\Users\27946\Desktop\Sound\logs\AudioApp_20260602.log
2026-06-02 12:27:19 - AudioApp - DEBUG - 日志系统初始化完成，日志文件: c:\Users\27946\Desktop\Sound\logs\AudioApp_20260602.log
2026-06-02 12:27:19 - AudioApp - DEBUG - 日志系统初始化完成，日志文件: c:\Users\27946\Desktop\Sound\logs\AudioApp_20260602.log
2026-06-02 12:27:19 - AudioApp - DEBUG - 日志系统初始化完成，日志文件: c:\Users\27946\Desktop\Sound\logs\AudioApp_20260602.log
2026-06-02 12:27:33 - AudioApp - INFO - [GUI] 人声分析完成
2026-06-02 12:27:33 - AudioApp - DEBUG - [GUI详情] 结果: 失败
2026-06-02 12:32:17 - AudioApp - DEBUG - 日志系统初始化完成，日志文件: c:\Users\27946\Desktop\Sound\logs\AudioApp_20260602.log
2026-06-02 12:32:31 - AudioApp - INFO - [GUI] 开始人声分析
2026-06-02 12:32:31 - AudioApp - DEBUG - [GUI详情] 文件: tex.wav, 模式: 完整分析, 并行: 是
2026-06-02 12:32:38 - AudioApp - DEBUG - 日志系统初始化完成，日志文件: c:\Users\27946\Desktop\Sound\logs\AudioApp_20260602.log
2026-06-02 12:32:38 - AudioApp - DEBUG - 日志系统初始化完成，日志文件: c:\Users\27946\Desktop\Sound\logs\AudioApp_20260602.log
2026-06-02 12:32:38 - AudioApp - DEBUG - 日志系统初始化完成，日志文件: c:\Users\27946\Desktop\Sound\logs\AudioApp_20260602.log
2026-06-02 12:32:39 - AudioApp - DEBUG - 日志系统初始化完成，日志文件: c:\Users\27946\Desktop\Sound\logs\AudioApp_20260602.log
2026-06-02 12:32:39 - AudioApp - DEBUG - 日志系统初始化完成，日志文件: c:\Users\27946\Desktop\Sound\logs\AudioApp_20260602.log
2026-06-02 12:32:39 - AudioApp - DEBUG - 日志系统初始化完成，日志文件: c:\Users\27946\Desktop\Sound\logs\AudioApp_20260602.log
2026-06-02 12:32:39 - AudioApp - DEBUG - 日志系统初始化完成，日志文件: c:\Users\27946\Desktop\Sound\logs\AudioApp_20260602.log
2026-06-02 12:32:39 - AudioApp - DEBUG - 日志系统初始化完成，日志文件: c:\Users\27946\Desktop\Sound\logs\AudioApp_20260602.log
2026-06-02 12:32:39 - AudioApp - DEBUG - 日志系统初始化完成，日志文件: c:\Users\27946\Desktop\Sound\logs\AudioApp_20260602.log
2026-06-02 12:32:39 - AudioApp - DEBUG - 日志系统初始化完成，日志文件: c:\Users\27946\Desktop\Sound\logs\AudioApp_20260602.log
2026-06-02 12:32:39 - AudioApp - DEBUG - 日志系统初始化完成，日志文件: c:\Users\27946\Desktop\Sound\logs\AudioApp_20260602.log
2026-06-02 12:32:50 - AudioApp - INFO - [GUI] 人声分析完成
2026-06-02 12:32:50 - AudioApp - DEBUG - [GUI详情] 结果: 成功
2026-06-02 12:34:06 - AudioApp - DEBUG - 日志系统初始化完成，日志文件: C:\Users\27946\Desktop\Sound\logs\AudioApp_20260602.log
2026-06-02 12:34:23 - AudioApp - DEBUG - 日志系统初始化完成，日志文件: c:\Users\27946\Desktop\Sound\logs\AudioApp_20260602.log
2026-06-02 12:34:32 - AudioApp - INFO - [GUI] 开始人声分析
2026-06-02 12:34:32 - AudioApp - DEBUG - [GUI详情] 文件: tex.wav, 模式: 完整分析, 并行: 是
2026-06-02 12:34:39 - AudioApp - DEBUG - 日志系统初始化完成，日志文件: c:\Users\27946\Desktop\Sound\logs\AudioApp_20260602.log
2026-06-02 12:34:39 - AudioApp - DEBUG - 日志系统初始化完成，日志文件: c:\Users\27946\Desktop\Sound\logs\AudioApp_20260602.log
2026-06-02 12:34:39 - AudioApp - DEBUG - 日志系统初始化完成，日志文件: c:\Users\27946\Desktop\Sound\logs\AudioApp_20260602.log
2026-06-02 12:34:40 - AudioApp - DEBUG - 日志系统初始化完成，日志文件: c:\Users\27946\Desktop\Sound\logs\AudioApp_20260602.log
2026-06-02 12:34:40 - AudioApp - DEBUG - 日志系统初始化完成，日志文件: c:\Users\27946\Desktop\Sound\logs\AudioApp_20260602.log
2026-06-02 12:34:40 - AudioApp - DEBUG - 日志系统初始化完成，日志文件: c:\Users\27946\Desktop\Sound\logs\AudioApp_20260602.log
2026-06-02 12:34:40 - AudioApp - DEBUG - 日志系统初始化完成，日志文件: c:\Users\27946\Desktop\Sound\logs\AudioApp_20260602.log
2026-06-02 12:34:40 - AudioApp - DEBUG - 日志系统初始化完成，日志文件: c:\Users\27946\Desktop\Sound\logs\AudioApp_20260602.log
2026-06-02 12:34:41 - AudioApp - DEBUG - 日志系统初始化完成，日志文件: c:\Users\27946\Desktop\Sound\logs\AudioApp_20260602.log
2026-06-02 12:34:41 - AudioApp - DEBUG - 日志系统初始化完成，日志文件: c:\Users\27946\Desktop\Sound\logs\AudioApp_20260602.log
2026-06-02 12:34:41 - AudioApp - DEBUG - 日志系统初始化完成，日志文件: c:\Users\27946\Desktop\Sound\logs\AudioApp_20260602.log
2026-06-02 12:34:52 - AudioApp - INFO - [GUI] 人声分析完成
2026-06-02 12:34:52 - AudioApp - DEBUG - [GUI详情] 结果: 成功
2026-06-02 12:40:41 - AudioApp - DEBUG - 日志系统初始化完成，日志文件: c:\Users\27946\Desktop\Sound\logs\AudioApp_20260602.log
2026-06-02 12:41:35 - AudioApp - DEBUG - 日志系统初始化完成，日志文件: c:\Users\27946\Desktop\Sound\logs\AudioApp_20260602.log
2026-06-02 12:41:48 - AudioApp - INFO - [GUI] 开始人声分析
2026-06-02 12:41:48 - AudioApp - DEBUG - [GUI详情] 文件: tex.wav, 模式: 完整分析, 并行: 是
2026-06-02 12:41:55 - AudioApp - DEBUG - 日志系统初始化完成，日志文件: c:\Users\27946\Desktop\Sound\logs\AudioApp_20260602.log
2026-06-02 12:41:55 - AudioApp - DEBUG - 日志系统初始化完成，日志文件: c:\Users\27946\Desktop\Sound\logs\AudioApp_20260602.log
2026-06-02 12:41:55 - AudioApp - DEBUG - 日志系统初始化完成，日志文件: c:\Users\27946\Desktop\Sound\logs\AudioApp_20260602.log
2026-06-02 12:41:55 - AudioApp - DEBUG - 日志系统初始化完成，日志文件: c:\Users\27946\Desktop\Sound\logs\AudioApp_20260602.log
2026-06-02 12:41:56 - AudioApp - DEBUG - 日志系统初始化完成，日志文件: c:\Users\27946\Desktop\Sound\logs\AudioApp_20260602.log
2026-06-02 12:41:56 - AudioApp - DEBUG - 日志系统初始化完成，日志文件: c:\Users\27946\Desktop\Sound\logs\AudioApp_20260602.log
2026-06-02 12:41:56 - AudioApp - DEBUG - 日志系统初始化完成，日志文件: c:\Users\27946\Desktop\Sound\logs\AudioApp_20260602.log
2026-06-02 12:41:56 - AudioApp - DEBUG - 日志系统初始化完成，日志文件: c:\Users\27946\Desktop\Sound\logs\AudioApp_20260602.log
2026-06-02 12:41:56 - AudioApp - DEBUG - 日志系统初始化完成，日志文件: c:\Users\27946\Desktop\Sound\logs\AudioApp_20260602.log
2026-06-02 12:41:56 - AudioApp - DEBUG - 日志系统初始化完成，日志文件: c:\Users\27946\Desktop\Sound\logs\AudioApp_20260602.log
2026-06-02 12:41:56 - AudioApp - DEBUG - 日志系统初始化完成，日志文件: c:\Users\27946\Desktop\Sound\logs\AudioApp_20260602.log
2026-06-02 12:42:07 - AudioApp - INFO - [GUI] 人声分析完成
2026-06-02 12:42:07 - AudioApp - DEBUG - [GUI详情] 结果: 成功
2026-06-02 12:43:26 - AudioApp - DEBUG - 日志系统初始化完成，日志文件: c:\Users\27946\Desktop\Sound\logs\AudioApp_20260602.log
2026-06-02 12:43:39 - AudioApp - INFO - [GUI] 开始人声分析
2026-06-02 12:43:39 - AudioApp - DEBUG - [GUI详情] 文件: tex.wav, 模式: 完整分析, 并行: 是
2026-06-02 12:43:46 - AudioApp - DEBUG - 日志系统初始化完成，日志文件: c:\Users\27946\Desktop\Sound\logs\AudioApp_20260602.log
2026-06-02 12:43:46 - AudioApp - DEBUG - 日志系统初始化完成，日志文件: c:\Users\27946\Desktop\Sound\logs\AudioApp_20260602.log
2026-06-02 12:43:46 - AudioApp - DEBUG - 日志系统初始化完成，日志文件: c:\Users\27946\Desktop\Sound\logs\AudioApp_20260602.log
2026-06-02 12:43:46 - AudioApp - DEBUG - 日志系统初始化完成，日志文件: c:\Users\27946\Desktop\Sound\logs\AudioApp_20260602.log
2026-06-02 12:43:46 - AudioApp - DEBUG - 日志系统初始化完成，日志文件: c:\Users\27946\Desktop\Sound\logs\AudioApp_20260602.log
2026-06-02 12:43:47 - AudioApp - DEBUG - 日志系统初始化完成，日志文件: c:\Users\27946\Desktop\Sound\logs\AudioApp_20260602.log
2026-06-02 12:43:47 - AudioApp - DEBUG - 日志系统初始化完成，日志文件: c:\Users\27946\Desktop\Sound\logs\AudioApp_20260602.log
2026-06-02 12:43:47 - AudioApp - DEBUG - 日志系统初始化完成，日志文件: c:\Users\27946\Desktop\Sound\logs\AudioApp_20260602.log
2026-06-02 12:43:47 - AudioApp - DEBUG - 日志系统初始化完成，日志文件: c:\Users\27946\Desktop\Sound\logs\AudioApp_20260602.log
2026-06-02 12:43:47 - AudioApp - DEBUG - 日志系统初始化完成，日志文件: c:\Users\27946\Desktop\Sound\logs\AudioApp_20260602.log
2026-06-02 12:43:47 - AudioApp - DEBUG - 日志系统初始化完成，日志文件: c:\Users\27946\Desktop\Sound\logs\AudioApp_20260602.log
2026-06-02 12:43:58 - AudioApp - INFO - [GUI] 人声分析完成
2026-06-02 12:43:58 - AudioApp - DEBUG - [GUI详情] 结果: 成功
2026-06-02 12:50:55 - AudioApp - DEBUG - 日志系统初始化完成，日志文件: c:\Users\27946\Desktop\Sound\logs\AudioApp_20260602.log
2026-06-02 12:51:06 - AudioApp - INFO - [GUI] 开始人声分析
2026-06-02 12:51:06 - AudioApp - DEBUG - [GUI详情] 文件: tey.wav, 模式: 完整分析, 并行: 是
2026-06-02 12:51:24 - AudioApp - DEBUG - 日志系统初始化完成，日志文件: c:\Users\27946\Desktop\Sound\logs\AudioApp_20260602.log
2026-06-02 12:51:24 - AudioApp - DEBUG - 日志系统初始化完成，日志文件: c:\Users\27946\Desktop\Sound\logs\AudioApp_20260602.log
2026-06-02 12:51:24 - AudioApp - DEBUG - 日志系统初始化完成，日志文件: c:\Users\27946\Desktop\Sound\logs\AudioApp_20260602.log
2026-06-02 12:51:27 - AudioApp - DEBUG - 日志系统初始化完成，日志文件: c:\Users\27946\Desktop\Sound\logs\AudioApp_20260602.log
2026-06-02 12:51:27 - AudioApp - DEBUG - 日志系统初始化完成，日志文件: c:\Users\27946\Desktop\Sound\logs\AudioApp_20260602.log
2026-06-02 12:51:27 - AudioApp - DEBUG - 日志系统初始化完成，日志文件: c:\Users\27946\Desktop\Sound\logs\AudioApp_20260602.log
2026-06-02 12:51:28 - AudioApp - DEBUG - 日志系统初始化完成，日志文件: c:\Users\27946\Desktop\Sound\logs\AudioApp_20260602.log
2026-06-02 12:51:28 - AudioApp - DEBUG - 日志系统初始化完成，日志文件: c:\Users\27946\Desktop\Sound\logs\AudioApp_20260602.log
2026-06-02 12:51:28 - AudioApp - DEBUG - 日志系统初始化完成，日志文件: c:\Users\27946\Desktop\Sound\logs\AudioApp_20260602.log
2026-06-02 12:51:28 - AudioApp - DEBUG - 日志系统初始化完成，日志文件: c:\Users\27946\Desktop\Sound\logs\AudioApp_20260602.log
2026-06-02 12:51:28 - AudioApp - DEBUG - 日志系统初始化完成，日志文件: c:\Users\27946\Desktop\Sound\logs\AudioApp_20260602.log
2026-06-02 12:51:28 - AudioApp - DEBUG - 日志系统初始化完成，日志文件: c:\Users\27946\Desktop\Sound\logs\AudioApp_20260602.log
2026-06-02 12:51:28 - AudioApp - DEBUG - 日志系统初始化完成，日志文件: c:\Users\27946\Desktop\Sound\logs\AudioApp_20260602.log
2026-06-02 12:51:28 - AudioApp - DEBUG - 日志系统初始化完成，日志文件: c:\Users\27946\Desktop\Sound\logs\AudioApp_20260602.log
2026-06-02 12:51:28 - AudioApp - DEBUG - 日志系统初始化完成，日志文件: c:\Users\27946\Desktop\Sound\logs\AudioApp_20260602.log
2026-06-02 12:51:29 - AudioApp - DEBUG - 日志系统初始化完成，日志文件: c:\Users\27946\Desktop\Sound\logs\AudioApp_20260602.log
2026-06-02 12:51:58 - AudioApp - INFO - [GUI] 人声分析完成
2026-06-02 12:51:58 - AudioApp - DEBUG - [GUI详情] 结果: 成功
2026-06-02 12:54:31 - AudioApp - DEBUG - 日志系统初始化完成，日志文件: c:\Users\27946\Desktop\Sound\logs\AudioApp_20260602.log
2026-06-02 12:55:32 - AudioApp - DEBUG - 日志系统初始化完成，日志文件: c:\Users\27946\Desktop\Sound\logs\AudioApp_20260602.log
2026-06-02 12:56:48 - AudioApp - DEBUG - 日志系统初始化完成，日志文件: C:\Users\27946\Desktop\Sound\logs\AudioApp_20260602.log
2026-06-02 13:09:43 - AudioApp - DEBUG - 日志系统初始化完成，日志文件: c:\Users\27946\Desktop\Sound\logs\AudioApp_20260602.log
2026-06-02 13:23:33 - AudioApp - DEBUG - 日志系统初始化完成，日志文件: c:\Users\27946\Desktop\Sound\logs\AudioApp_20260602.log
2026-06-02 13:25:02 - AudioApp - DEBUG - 日志系统初始化完成，日志文件: c:\Users\27946\Desktop\Sound\logs\AudioApp_20260602.log
2026-06-02 13:48:46 - AudioApp - DEBUG - 日志系统初始化完成，日志文件: c:\Users\27946\Desktop\Sound\logs\AudioApp_20260602.log
2026-06-02 13:56:53 - AudioApp - DEBUG - 日志系统初始化完成，日志文件: c:\Users\27946\Desktop\Sound\logs\AudioApp_20260602.log
2026-06-02 13:59:59 - AudioApp - DEBUG - 日志系统初始化完成，日志文件: c:\Users\27946\Desktop\Sound\logs\AudioApp_20260602.log
2026-06-02 14:00:41 - AudioApp - DEBUG - 日志系统初始化完成，日志文件: c:\Users\27946\Desktop\Sound\logs\AudioApp_20260602.log
2026-06-02 14:02:05 - AudioApp - DEBUG - 日志系统初始化完成，日志文件: c:\Users\27946\Desktop\Sound\logs\AudioApp_20260602.log
2026-06-02 14:03:38 - AudioApp - DEBUG - 日志系统初始化完成，日志文件: c:\Users\27946\Desktop\Sound\logs\AudioApp_20260602.log
2026-06-02 14:09:04 - AudioApp - DEBUG - 日志系统初始化完成，日志文件: c:\Users\27946\Desktop\Sound\logs\AudioApp_20260602.log
